
LICENSE SYSTEM [201854 17:3:48] Next license update check is after 2018-05-05T16:29:36

DisplayProgressbar: Unity license
[Package Manager] Server::Start -- Port 56780 was selected

 COMMAND LINE ARGUMENTS:
/Applications/Unity/Unity.app/Contents/MacOS/Unity
-projectPath
/Users/jack/Poly
-buildOSXUniversalPlayer
/Users/jack/Poly/Build/osx/Poly.app
-quit
-logFile
/Users/jack/Poly/unity.log
-batchmode
-silent-crashes
Successfully changed project path to: /Users/jack/Poly
/Users/jack/Poly
Loading GUID <-> Path mappings...0.000043 seconds
Loading Asset Database...0.006013 seconds
Audio: FMOD Profiler initialized on port 54900
AssetDatabase consistency checks...0.031987 seconds
Refreshing native plugins compatible for Editor in 4.19 ms, found 0 plugins.
Preloading 0 native plugins for Editor in 0.00 ms.
DisplayProgressbar: Unity Package Manager
[Package Manager] Resolving 4 packages:
[Package Manager]  * Package :  com.unity.ads@2.0.3
    (location: /Users/jack/Library/Unity/cache/packages/packages.unity.com/com.unity.ads@2.0.3)
[Package Manager]  * Package :  com.unity.analytics@2.0.13
    (location: /Users/jack/Library/Unity/cache/packages/packages.unity.com/com.unity.analytics@2.0.13)
[Package Manager]  * Package :  com.unity.purchasing@0.0.19
    (location: /Users/jack/Library/Unity/cache/packages/packages.unity.com/com.unity.purchasing@0.0.19)
[Package Manager]  * Package :  com.unity.standardevents@1.0.10
    (location: /Users/jack/Library/Unity/cache/packages/packages.unity.com/com.unity.standardevents@1.0.10)
[Package Manager] Resolve completed
Initialize engine version: 2017.3.1f1 (fc1d3344e6ea)
GfxDevice: creating device client; threaded=0
Renderer: NVIDIA GeForce GT 650M OpenGL Engine
Vendor:   NVIDIA Corporation
Version:  4.1 NVIDIA-10.17.5 355.10.05.45f01
GLES:     0
 GL_ARB_blend_func_extended GL_ARB_draw_buffers_blend GL_ARB_draw_indirect GL_ARB_ES2_compatibility GL_ARB_explicit_attrib_location GL_ARB_gpu_shader_fp64 GL_ARB_gpu_shader5 GL_ARB_instanced_arrays GL_ARB_internalformat_query GL_ARB_occlusion_query2 GL_ARB_sample_shading GL_ARB_sampler_objects GL_ARB_separate_shader_objects GL_ARB_shader_bit_encoding GL_ARB_shader_subroutine GL_ARB_shading_language_include GL_ARB_tessellation_shader GL_ARB_texture_buffer_object_rgb32 GL_ARB_texture_cube_map_array GL_ARB_texture_gather GL_ARB_texture_query_lod GL_ARB_texture_rgb10_a2ui GL_ARB_texture_storage GL_ARB_texture_swizzle GL_ARB_timer_query GL_ARB_transform_feedback2 GL_ARB_transform_feedback3 GL_ARB_vertex_attrib_64bit GL_ARB_vertex_type_2_10_10_10_rev GL_ARB_viewport_array GL_EXT_debug_label GL_EXT_debug_marker GL_EXT_depth_bounds_test GL_EXT_framebuffer_multisample_blit_scaled GL_EXT_texture_compression_s3tc GL_EXT_texture_filter_anisotropic GL_EXT_texture_mirror_clamp GL_EXT_texture_sRGB_decode GL_APPLE_client_st
orage GL_APPLE_container_object_shareable GL_APPLE_flush_render GL_APPLE_object_purgeable GL_APPLE_rgb_422 GL_APPLE_row_bytes GL_APPLE_texture_range GL_ATI_texture_mirror_once GL_NV_texture_barrier
OPENGL LOG: Creating OpenGL 4.1 graphics device ; Context level  <OpenGL 4.1> ; Context handle 420023296
Initialize mono
Mono path[0] = '/Applications/Unity/Unity.app/Contents/Managed'
Mono path[1] = '/Applications/Unity/Unity.app/Contents/Mono/lib/mono/2.0'
Mono config path = '/Applications/Unity/Unity.app/Contents/Mono/etc'
Using monoOptions --debugger-agent=transport=dt_socket,embedding=1,defer=y,address=0.0.0.0:56911
Begin MonoManager ReloadAssembly
Initializing Unity.PackageManager (PackageManager) v2017.3.1 for Unity v2017.3.1f1
Registering precompiled unity dll's ...
Register platform support module: /Applications/Unity/PlaybackEngines/iOSSupport/UnityEditor.iOS.Extensions.dll
Register platform support module: /Applications/Unity/Unity.app/Contents/PlaybackEngines/MacStandaloneSupport/UnityEditor.OSXStandalone.Extensions.dll
Registered in 0.000382 seconds.
Refreshing native plugins compatible for Editor in 0.57 ms, found 3 plugins.
Preloading 1 native plugins for Editor in 2.84 ms.
Mono: successfully reloaded assembly
- Completed reload, in  1.036 seconds
Registering platform support modules:
Registered platform support modules in: 0.118412s.
Native extension for OSXStandalone target not found
Native extension for iOS target not found
[XcodeApplications] RefreshListOfAvailableXcodeApplications in: 0.019162s.
Begin MonoManager ReloadAssembly
Registering precompiled user dll's ...
Registered in 0.011659 seconds.
Refreshing native plugins compatible for Editor in 0.40 ms, found 3 plugins.
Preloading 1 native plugins for Editor in 0.42 ms.
Mono: successfully reloaded assembly
- Completed reload, in  0.708 seconds
Initializing Unity.PackageManager (PackageManager) v2017.3.1 for Unity v2017.3.1f1
Registering platform support modules:
Registered platform support modules in: 0.063915s.
Native extension for OSXStandalone target not found
Native extension for iOS target not found
[XcodeApplications] RefreshListOfAvailableXcodeApplications in: 0.003843s.
- Starting compile Library/ScriptAssemblies/Assembly-CSharp.dll

-----Compiler Commandline Arguments:
Filename: /Applications/Unity/Unity.app/Contents/MonoBleedingEdge/bin/mono
Arguments: '/Applications/Unity/Unity.app/Contents/MonoBleedingEdge/lib/mono/4.5/mcs.exe'  @Temp/UnityTempFile-3dd5ddf9ccb2c4722bded7b0c12cf250
index: 81
Responsefile: Temp/UnityTempFile-3dd5ddf9ccb2c4722bded7b0c12cf250 Contents: 
-debug
-target:library
-nowarn:0169
-langversion:4
-out:'Temp/Assembly-CSharp.dll'
-unsafe
-r:'/Applications/Unity/Unity.app/Contents/Managed/UnityEditor.dll'
-r:'/Applications/Unity/Unity.app/Contents/Managed/UnityEngine/UnityEngine.dll'
-r:'/Applications/Unity/Unity.app/Contents/Managed/UnityEngine/UnityEngine.CoreModule.dll'
-r:'/Applications/Unity/Unity.app/Contents/Managed/UnityEngine/UnityEngine.AccessibilityModule.dll'
-r:'/Applications/Unity/Unity.app/Contents/Managed/UnityEngine/UnityEngine.ParticleSystemModule.dll'
-r:'/Applications/Unity/Unity.app/Contents/Managed/UnityEngine/UnityEngine.PhysicsModule.dll'
-r:'/Applications/Unity/Unity.app/Contents/Managed/UnityEngine/UnityEngine.VehiclesModule.dll'
-r:'/Applications/Unity/Unity.app/Contents/Managed/UnityEngine/UnityEngine.ClothModule.dll'
-r:'/Applications/Unity/Unity.app/Contents/Managed/UnityEngine/UnityEngine.AIModule.dll'
-r:'/Applications/Unity/Unity.app/Contents/Managed/UnityEngine/UnityEngine.AnimationModule.dll'
-r:'/Applications/Unity/Unity.app/Contents/Managed/UnityEngine/UnityEngine.TextRenderingModule.dll'
-r:'/Applications/Unity/Unity.app/Contents/Managed/UnityEngine/UnityEngine.UIModule.dll'
-r:'/Applications/Unity/Unity.app/Contents/Managed/UnityEngine/UnityEngine.TerrainPhysicsModule.dll'
-r:'/Applications/Unity/Unity.app/Contents/Managed/UnityEngine/UnityEngine.IMGUIModule.dll'
-r:'/Applications/Unity/Unity.app/Contents/Managed/UnityEngine/UnityEngine.ClusterInputModule.dll'
-r:'/Applications/Unity/Unity.app/Contents/Managed/UnityEngine/UnityEngine.ClusterRendererModule.dll'
-r:'/Applications/Unity/Unity.app/Contents/Managed/UnityEngine/UnityEngine.UNETModule.dll'
-r:'/Applications/Unity/Unity.app/Contents/Managed/UnityEngine/UnityEngine.DirectorModule.dll'
-r:'/Applications/Unity/Unity.app/Contents/Managed/UnityEngine/UnityEngine.UnityAnalyticsModule.dll'
-r:'/Applications/Unity/Unity.app/Contents/Managed/UnityEngine/UnityEngine.PerformanceReportingModule.dll'
-r:'/Applications/Unity/Unity.app/Contents/Managed/UnityEngine/UnityEngine.UnityConnectModule.dll'
-r:'/Applications/Unity/Unity.app/Contents/Managed/UnityEngine/UnityEngine.WebModule.dll'
-r:'/Applications/Unity/Unity.app/Contents/Managed/UnityEngine/UnityEngine.ARModule.dll'
-r:'/Applications/Unity/Unity.app/Contents/Managed/UnityEngine/UnityEngine.VRModule.dll'
-r:'/Applications/Unity/Unity.app/Contents/Managed/UnityEngine/UnityEngine.UIElementsModule.dll'
-r:'/Applications/Unity/Unity.app/Contents/Managed/UnityEngine/UnityEngine.StyleSheetsModule.dll'
-r:'/Applications/Unity/Unity.app/Contents/Managed/UnityEngine/UnityEngine.AssetBundleModule.dll'
-r:'/Applications/Unity/Unity.app/Contents/Managed/UnityEngine/UnityEngine.AudioModule.dll'
-r:'/Applications/Unity/Unity.app/Contents/Managed/UnityEngine/UnityEngine.CrashReportingModule.dll'
-r:'/Applications/Unity/Unity.app/Contents/Managed/UnityEngine/UnityEngine.GameCenterModule.dll'
-r:'/Applications/Unity/Unity.app/Contents/Managed/UnityEngine/UnityEngine.GridModule.dll'
-r:'/Applications/Unity/Unity.app/Contents/Managed/UnityEngine/UnityEngine.ImageConversionModule.dll'
-r:'/Applications/Unity/Unity.app/Contents/Managed/UnityEngine/UnityEngine.InputModule.dll'
-r:'/Applications/Unity/Unity.app/Contents/Managed/UnityEngine/UnityEngine.JSONSerializeModule.dll'
-r:'/Applications/Unity/Unity.app/Contents/Managed/UnityEngine/UnityEngine.ParticlesLegacyModule.dll'
-r:'/Applications/Unity/Unity.app/Contents/Managed/UnityEngine/UnityEngine.Physics2DModule.dll'
-r:'/Applications/Unity/Unity.app/Contents/Managed/UnityEngine/UnityEngine.ScreenCaptureModule.dll'
-r:'/Applications/Unity/Unity.app/Contents/Managed/UnityEngine/UnityEngine.SharedInternalsModule.dll'
-r:'/Applications/Unity/Unity.app/Contents/Managed/UnityEngine/UnityEngine.SpriteMaskModule.dll'
-r:'/Applications/Unity/Unity.app/Contents/Managed/UnityEngine/UnityEngine.SpriteShapeModule.dll'
-r:'/Applications/Unity/Unity.app/Contents/Managed/UnityEngine/UnityEngine.TerrainModule.dll'
-r:'/Applications/Unity/Unity.app/Contents/Managed/UnityEngine/UnityEngine.TilemapModule.dll'
-r:'/Applications/Unity/Unity.app/Contents/Managed/UnityEngine/UnityEngine.UnityWebRequestModule.dll'
-r:'/Applications/Unity/Unity.app/Contents/Managed/UnityEngine/UnityEngine.UnityWebRequestAudioModule.dll'
-r:'/Applications/Unity/Unity.app/Contents/Managed/UnityEngine/UnityEngine.UnityWebRequestTextureModule.dll'
-r:'/Applications/Unity/Unity.app/Contents/Managed/UnityEngine/UnityEngine.UnityWebRequestWWWModule.dll'
-r:'/Applications/Unity/Unity.app/Contents/Managed/UnityEngine/UnityEngine.VideoModule.dll'
-r:'/Applications/Unity/Unity.app/Contents/Managed/UnityEngine/UnityEngine.WindModule.dll'
-r:'/Applications/Unity/Unity.app/Contents/UnityExtensions/Unity/GUISystem/UnityEngine.UI.dll'
-r:'/Applications/Unity/Unity.app/Contents/UnityExtensions/Unity/GUISystem/Editor/UnityEditor.UI.dll'
-r:'/Applications/Unity/Unity.app/Contents/UnityExtensions/Unity/Networking/UnityEngine.Networking.dll'
-r:'/Applications/Unity/Unity.app/Contents/UnityExtensions/Unity/Networking/Editor/UnityEditor.Networking.dll'
-r:'/Applications/Unity/Unity.app/Contents/UnityExtensions/Unity/TestRunner/Editor/UnityEditor.TestRunner.dll'
-r:'/Applications/Unity/Unity.app/Contents/UnityExtensions/Unity/TestRunner/UnityEngine.TestRunner.dll'
-r:'/Applications/Unity/Unity.app/Contents/UnityExtensions/Unity/TestRunner/net35/unity-custom/nunit.framework.dll'
-r:'/Applications/Unity/Unity.app/Contents/UnityExtensions/Unity/Timeline/RuntimeEditor/UnityEngine.Timeline.dll'
-r:'/Applications/Unity/Unity.app/Contents/UnityExtensions/Unity/Timeline/Editor/UnityEditor.Timeline.dll'
-r:'/Applications/Unity/Unity.app/Contents/UnityExtensions/Unity/TreeEditor/Editor/UnityEditor.TreeEditor.dll'
-r:'/Applications/Unity/Unity.app/Contents/UnityExtensions/Unity/UIAutomation/UnityEngine.UIAutomation.dll'
-r:'/Applications/Unity/Unity.app/Contents/UnityExtensions/Unity/UIAutomation/Editor/UnityEditor.UIAutomation.dll'
-r:'/Applications/Unity/Unity.app/Contents/UnityExtensions/Unity/UnityGoogleAudioSpatializer/Editor/UnityEditor.GoogleAudioSpatializer.dll'
-r:'/Applications/Unity/Unity.app/Contents/UnityExtensions/Unity/UnityGoogleAudioSpatializer/RuntimeEditor/UnityEngine.GoogleAudioSpatializer.dll'
-r:'/Applications/Unity/Unity.app/Contents/UnityExtensions/Unity/UnityHoloLens/Editor/UnityEditor.HoloLens.dll'
-r:'/Applications/Unity/Unity.app/Contents/UnityExtensions/Unity/UnityHoloLens/RuntimeEditor/UnityEngine.HoloLens.dll'
-r:'/Applications/Unity/Unity.app/Contents/UnityExtensions/Unity/UnitySpatialTracking/Editor/UnityEditor.SpatialTracking.dll'
-r:'/Applications/Unity/Unity.app/Contents/UnityExtensions/Unity/UnitySpatialTracking/RuntimeEditor/UnityEngine.SpatialTracking.dll'
-r:'/Applications/Unity/Unity.app/Contents/UnityExtensions/Unity/UnityVR/Editor/UnityEditor.VR.dll'
-r:'/Applications/Unity/Unity.app/Contents/Managed/UnityEditor.Graphs.dll'
-r:'/Applications/Unity/PlaybackEngines/iOSSupport/UnityEditor.iOS.Extensions.dll'
-r:'/Applications/Unity/Unity.app/Contents/PlaybackEngines/MacStandaloneSupport/UnityEditor.OSXStandalone.Extensions.dll'
-r:'/Users/jack/Library/Unity/cache/packages/packages.unity.com/com.unity.ads@2.0.3/UnityEngine.Advertisements.dll'
-r:'/Users/jack/Library/Unity/cache/packages/packages.unity.com/com.unity.ads@2.0.3/Editor/UnityEditor.Advertisements.dll'
-r:'/Users/jack/Library/Unity/cache/packages/packages.unity.com/com.unity.analytics@2.0.13/UnityEngine.Analytics.dll'
-r:'/Users/jack/Library/Unity/cache/packages/packages.unity.com/com.unity.analytics@2.0.13/Editor/UnityEditor.Analytics.dll'
-r:'/Users/jack/Library/Unity/cache/packages/packages.unity.com/com.unity.purchasing@0.0.19/UnityEngine.Purchasing.dll'
-r:'/Users/jack/Library/Unity/cache/packages/packages.unity.com/com.unity.purchasing@0.0.19/Editor/UnityEditor.Purchasing.dll'
-r:'/Users/jack/Library/Unity/cache/packages/packages.unity.com/com.unity.standardevents@1.0.10/UnityEngine.StandardEvents.dll'
-r:'/Applications/Unity/PlaybackEngines/iOSSupport/UnityEditor.iOS.Extensions.Xcode.dll'
-r:'/Applications/Unity/PlaybackEngines/iOSSupport/UnityEditor.iOS.Extensions.Common.dll'
-define:UNITY_5_3_OR_NEWER
-define:UNITY_5_4_OR_NEWER
-define:UNITY_5_5_OR_NEWER
-define:UNITY_5_6_OR_NEWER
-define:UNITY_2017_1_OR_NEWER
-define:UNITY_2017_2_OR_NEWER
-define:UNITY_2017_3_OR_NEWER
-define:UNITY_2017_3_1
-define:UNITY_2017_3
-define:UNITY_2017
-define:PLATFORM_ARCH_64
-define:UNITY_64
-define:ENABLE_AUDIO
-define:ENABLE_CACHING
-define:ENABLE_CLOTH
-define:ENABLE_DUCK_TYPING
-define:ENABLE_GENERICS
-define:ENABLE_PVR_GI
-define:ENABLE_MICROPHONE
-define:ENABLE_MULTIPLE_DISPLAYS
-define:ENABLE_PHYSICS
-define:ENABLE_SPRITERENDERER_FLIPPING
-define:ENABLE_SPRITES
-define:ENABLE_GRID
-define:ENABLE_TILEMAP
-define:ENABLE_TERRAIN
-define:ENABLE_RAKNET
-define:ENABLE_DIRECTOR
-define:ENABLE_UNET
-define:ENABLE_LZMA
-define:ENABLE_UNITYEVENTS
-define:ENABLE_WEBCAM
-define:ENABLE_WWW
-define:ENABLE_CLOUD_SERVICES_COLLAB
-define:ENABLE_CLOUD_SERVICES_COLLAB_SOFTLOCKS
-define:ENABLE_CLOUD_SERVICES_ADS
-define:ENABLE_CLOUD_HUB
-define:ENABLE_CLOUD_PROJECT_ID
-define:ENABLE_CLOUD_SERVICES_USE_WEBREQUEST
-define:ENABLE_CLOUD_SERVICES_UNET
-define:ENABLE_CLOUD_SERVICES_BUILD
-define:ENABLE_CLOUD_LICENSE
-define:ENABLE_EDITOR_HUB
-define:ENABLE_EDITOR_HUB_LICENSE
-define:ENABLE_WEBSOCKET_CLIENT
-define:ENABLE_DIRECTOR_AUDIO
-define:ENABLE_DIRECTOR_TEXTURE
-define:ENABLE_TIMELINE
-define:ENABLE_EDITOR_METRICS
-define:ENABLE_EDITOR_METRICS_CACHING
-define:ENABLE_NATIVE_ARRAY
-define:ENABLE_SPRITE_MASKING
-define:INCLUDE_DYNAMIC_GI
-define:INCLUDE_GI
-define:ENABLE_MONO_BDWGC
-define:PLATFORM_SUPPORTS_MONO
-define:RENDER_SOFTWARE_CURSOR
-define:INCLUDE_PUBNUB
-define:ENABLE_PLAYMODE_TESTS_RUNNER
-define:ENABLE_VIDEO
-define:ENABLE_RMGUI
-define:ENABLE_PACKMAN
-define:ENABLE_CUSTOM_RENDER_TEXTURE
-define:ENABLE_STYLE_SHEETS
-define:ENABLE_LOCALIZATION
-define:PLATFORM_STANDALONE_OSX
-define:PLATFORM_STANDALONE
-define:UNITY_STANDALONE_OSX
-define:UNITY_STANDALONE
-define:ENABLE_SUBSTANCE
-define:ENABLE_GAMECENTER
-define:ENABLE_RUNTIME_GI
-define:ENABLE_MOVIES
-define:ENABLE_NETWORK
-define:ENABLE_CRUNCH_TEXTURE_COMPRESSION
-define:ENABLE_UNITYWEBREQUEST
-define:ENABLE_CLOUD_SERVICES
-define:ENABLE_CLOUD_SERVICES_ANALYTICS
-define:ENABLE_CLOUD_SERVICES_PURCHASING
-define:ENABLE_CLOUD_SERVICES_CRASH_REPORTING
-define:ENABLE_CLOUD_SERVICES_NATIVE_CRASH_REPORTING
-define:ENABLE_CLUSTERINPUT
-define:ENABLE_VR
-define:ENABLE_AR
-define:ENABLE_SPATIALTRACKING
-define:ENABLE_WEBSOCKET_HOST
-define:ENABLE_MONO
-define:NET_2_0_SUBSET
-define:ENABLE_PROFILER
-define:DEBUG
-define:TRACE
-define:UNITY_ASSERTIONS
-define:UNITY_EDITOR
-define:UNITY_EDITOR_64
-define:UNITY_EDITOR_OSX
-define:ENABLE_NATIVE_ARRAY_CHECKS
-define:UNITY_TEAM_LICENSE
-define:ButtonDisconnect
'Assets/Scripts/AIController.cs'
'Assets/Scripts/BoosterPart.cs'
'Assets/Scripts/CameraController.cs'
'Assets/Scripts/CollectZoneController.cs'
'Assets/Scripts/Damaging.cs'
'Assets/Scripts/Explosion.cs'
'Assets/Scripts/MapManager.cs'
'Assets/Scripts/NetworkManagerScript.cs'
'Assets/Scripts/Part.cs'
'Assets/Scripts/PartController.cs'
'Assets/Scripts/PartsManager.cs'
'Assets/Scripts/PlayerController.cs'
'Assets/Scripts/PolyController.cs'
'Assets/Scripts/Projectile.cs'
'Assets/Scripts/ProjectilePart.cs'
'Assets/Scripts/Pulsate.cs'
'Assets/Scripts/SegmentController.cs'
'Assets/Scripts/SegmentsManager.cs'
'Assets/Scripts/SideController.cs'
'Assets/Scripts/TouchAreaController.cs'
'Assets/Scripts/WeakSpot.cs'
-r:'/Applications/Unity/Unity.app/Contents/Mono/lib/mono/unity/System.Runtime.Serialization.dll'
-r:'/Applications/Unity/Unity.app/Contents/Mono/lib/mono/unity/System.Xml.Linq.dll'
-r:'/Applications/Unity/Unity.app/Contents/Mono/lib/mono/unity/UnityScript.dll'
-r:'/Applications/Unity/Unity.app/Contents/Mono/lib/mono/unity/UnityScript.Lang.dll'
-r:'/Applications/Unity/Unity.app/Contents/Mono/lib/mono/unity/Boo.Lang.dll'
-sdk:unity

-----CompilerOutput:-stdout--exitcode: 0--compilationhadfailure: False--outfile: Temp/Assembly-CSharp.dll
Compilation succeeded - 4 warning(s)
-----CompilerOutput:-stderr----------
Assets/Scripts/PlayerController.cs(8,13): warning CS0414: The private field `PlayerController.leftTouchArea' is assigned but its value is never used
Assets/Scripts/PlayerController.cs(9,13): warning CS0414: The private field `PlayerController.rightTouchArea' is assigned but its value is never used
Assets/Scripts/PlayerController.cs(10,7): warning CS0414: The private field `PlayerController.useTouch' is assigned but its value is never used
Assets/Scripts/PlayerController.cs(11,7): warning CS0414: The private field `PlayerController.useKeyboard' is assigned but its value is never used
-----EndCompilerOutput---------------
- Finished compile Library/ScriptAssemblies/Assembly-CSharp.dll
Symbols will be read from Temp/Assembly-CSharp.dll.mdb
Script Module: Assembly-CSharp.dll
Pass: 0 took 10 milliseconds
[AIController] Found NetworkBehaviour AIController
[AIController] NetworkBehaviourProcessor
[AIController] Process Start
[AIController]   GenerateSerialization
[AIController]   GenerateDeSerialization
[AIController] Process Done
[MapManager] Found NetworkBehaviour MapManager
[MapManager] NetworkBehaviourProcessor
[MapManager] Process Start
[MapManager]   GenerateSerialization
[MapManager]   GenerateDeSerialization
[MapManager] Process Done
[PartController] Found NetworkBehaviour PartController
[PartController] NetworkBehaviourProcessor
[PartController] Process Start
[PartController] Sync Var id System.Int32 UnityEngine.GameObject
[PartController]   GenerateSerialization
[PartController]   GenerateDeSerialization
[PartController] Process Done
[PartsManager] Found NetworkBehaviour PartsManager
[PartsManager] NetworkBehaviourProcessor
[PartsManager] Process Start
[PartsManager]   GenerateSerialization
[PartsManager]   GenerateDeSerialization
[PartsManager] Process Done
[PlayerController] Found NetworkBehaviour PlayerController
[PlayerController] NetworkBehaviourProcessor
[PlayerController] Process Start
[PlayerController]   GenerateSerialization
[PlayerController]   GenerateDeSerialization
[PlayerController] Process Done
[PolyController] Found NetworkBehaviour PolyController
[PolyController] NetworkBehaviourProcessor
[PolyController] Process Start
[PolyController] Sync Var attackPartsScore System.Int32 UnityEngine.GameObject
[PolyController] Sync Var sidesCount System.Single UnityEngine.GameObject
[PolyController] Sync Var playerNumber System.Int32 UnityEngine.GameObject
[PolyController] Sync Var partData System.String UnityEngine.GameObject
[PolyController]   GenerateConstants 
[PolyController]   GenerateSerialization
[PolyController]   GenerateDeSerialization
[PolyController] Process Done
[Projectile] Found NetworkBehaviour Projectile
[Projectile] NetworkBehaviourProcessor
[Projectile] Process Start
[Projectile]   GenerateConstants 
[Projectile]   GenerateSerialization
[Projectile]   GenerateDeSerialization
[Projectile] Process Done
[SegmentsManager] Found NetworkBehaviour SegmentsManager
[SegmentsManager] NetworkBehaviourProcessor
[SegmentsManager] Process Start
[SegmentsManager]   GenerateSerialization
[SegmentsManager]   GenerateDeSerialization
[SegmentsManager] Process Done
Pass: 1 took 64 milliseconds
  ProcessSitesModule Assembly-CSharp.dll elapsed time:00:00:00.0323680
Assets/Scripts/PlayerController.cs(8,13): warning CS0414: The private field `PlayerController.leftTouchArea' is assigned but its value is never used
 
(Filename: Assets/Scripts/PlayerController.cs Line: 8)

Assets/Scripts/PlayerController.cs(9,13): warning CS0414: The private field `PlayerController.rightTouchArea' is assigned but its value is never used
 
(Filename: Assets/Scripts/PlayerController.cs Line: 9)

Assets/Scripts/PlayerController.cs(10,7): warning CS0414: The private field `PlayerController.useTouch' is assigned but its value is never used
 
(Filename: Assets/Scripts/PlayerController.cs Line: 10)

Assets/Scripts/PlayerController.cs(11,7): warning CS0414: The private field `PlayerController.useKeyboard' is assigned but its value is never used
 
(Filename: Assets/Scripts/PlayerController.cs Line: 11)

Reloading assemblies after script compilation.
Begin MonoManager ReloadAssembly
Refreshing native plugins compatible for Editor in 0.62 ms, found 3 plugins.
Preloading 1 native plugins for Editor in 0.73 ms.
Mono: successfully reloaded assembly
- Completed reload, in  0.756 seconds
Initializing Unity.PackageManager (PackageManager) v2017.3.1 for Unity v2017.3.1f1
Registering platform support modules:
Registered platform support modules in: 0.062991s.
Native extension for OSXStandalone target not found
Native extension for iOS target not found
[XcodeApplications] RefreshListOfAvailableXcodeApplications in: 0.003865s.
Validating Project structure ... 0.001803 seconds.
Refresh: detecting if any assets need to be imported or removed ... Refresh: elapses 0.004363 seconds (Nothing changed)
Warming cache for 195 main assets: 0.000610 seconds elapsed
Initializing Unity extensions:
 '/Applications/Unity/Unity.app/Contents/UnityExtensions/Unity/UnityHoloLens/Editor/UnityEditor.HoloLens.dll'  GUID: 12fd8a0055b84bb59e84c9835a37e333
 '/Applications/Unity/Unity.app/Contents/UnityExtensions/Unity/Timeline/Runtime/UnityEngine.Timeline.dll'  GUID: 6a10b2909283487f913b00d94cd3faf5
 '/Applications/Unity/Unity.app/Contents/UnityExtensions/Unity/TestRunner/portable/nunit.framework.dll'  GUID: 405b9b51bb344a128608d968297df79c
 '/Applications/Unity/Unity.app/Contents/UnityExtensions/Unity/GUISystem/Standalone/UnityEngine.UI.dll'  GUID: f70555f144d8491a825f0804e09c671c
 '/Applications/Unity/Unity.app/Contents/UnityExtensions/Unity/GUISystem/UnityEngine.UI.dll'  GUID: f5f67c52d1564df4a8936ccd202a3bd8
 '/Applications/Unity/Unity.app/Contents/UnityExtensions/Unity/Timeline/RuntimeEditor/UnityEngine.Timeline.dll'  GUID: 844f815391db42d49455cbf1a7bfc434
 '/Applications/Unity/Unity.app/Contents/UnityExtensions/Unity/Networking/Standalone/UnityEngine.Networking.dll'  GUID: dc443db3e92b4983b9738c1131f555cb
 '/Applications/Unity/Unity.app/Contents/UnityExtensions/Unity/UnitySpatialTracking/Runtime/UnityEngine.SpatialTracking.dll'  GUID: ed7343f30e3843b3afda8f8b02669cea
 '/Applications/Unity/Unity.app/Contents/UnityExtensions/Unity/UnityGoogleAudioSpatializer/Editor/UnityEditor.GoogleAudioSpatializer.dll'  GUID: 4a3ecb1425d14502837abea459cf2b70
 '/Applications/Unity/Unity.app/Contents/UnityExtensions/Unity/Networking/Editor/UnityEditor.Networking.dll'  GUID: 5f32cd94baa94578a686d4b9d6b660f7
 '/Applications/Unity/Unity.app/Contents/UnityExtensions/Unity/UnityHoloLens/Runtime/UnityEngine.HoloLens.dll'  GUID: f7b54ff4a43d4fcf81b4538b678e0bcc
 '/Applications/Unity/Unity.app/Contents/UnityExtensions/Unity/UnitySpatialTracking/Editor/UnityEditor.SpatialTracking.dll'  GUID: b5da970776034f77a070d99423d68791
 '/Applications/Unity/Unity.app/Contents/UnityExtensions/Unity/TreeEditor/Editor/UnityEditor.TreeEditor.dll'  GUID: adebbd281f1a4ef3a30be7f21937e02f
 '/Applications/Unity/Unity.app/Contents/UnityExtensions/Unity/Networking/UnityEngine.Networking.dll'  GUID: 870353891bb340e2b2a9c8707e7419ba
 '/Applications/Unity/Unity.app/Contents/UnityExtensions/Unity/TestRunner/UnityEngine.TestRunner.dll'  GUID: 53ebcfaa2e1e4e2dbc85882cd5a73fa1
 '/Applications/Unity/Unity.app/Contents/UnityExtensions/Unity/UnityGoogleAudioSpatializer/RuntimeEditor/UnityEngine.GoogleAudioSpatializer.dll'  GUID: ead147da21254ff9a0a936bdd75e1680
 '/Applications/Unity/Unity.app/Contents/UnityExtensions/Unity/UnityGoogleAudioSpatializer/Runtime/UnityEngine.GoogleAudioSpatializer.dll'  GUID: e4f4cf1b9b434137a499903a7a1d651a
 '/Applications/Unity/Unity.app/Contents/UnityExtensions/Unity/UnityVR/Editor/UnityEditor.VR.dll'  GUID: 4ba2329b63d54f0187bcaa12486b1b0f
 '/Applications/Unity/Unity.app/Contents/UnityExtensions/Unity/UnityHoloLens/RuntimeEditor/UnityEngine.HoloLens.dll'  GUID: 1c6d1fbb51834b64847b1b73a75bfc77
 '/Applications/Unity/Unity.app/Contents/UnityExtensions/Unity/UnitySpatialTracking/RuntimeEditor/UnityEngine.SpatialTracking.dll'  GUID: 3a84de5cd0624681b6b6dcd8921d912a
 '/Applications/Unity/Unity.app/Contents/UnityExtensions/Unity/GUISystem/Editor/UnityEditor.UI.dll'  GUID: 80a3616ca19596e4da0f10f14d241e9f
 '/Applications/Unity/Unity.app/Contents/UnityExtensions/Unity/UIAutomation/UnityEngine.UIAutomation.dll'  GUID: c768acbc9cf24d398488bb4c93b91288
 '/Applications/Unity/Unity.app/Contents/UnityExtensions/Unity/TestRunner/Editor/UnityEditor.TestRunner.dll'  GUID: 4113173d5e95493ab8765d7b08371de4
 '/Applications/Unity/Unity.app/Contents/UnityExtensions/Unity/TestRunner/net35/unity-custom/nunit.framework.dll'  GUID: 4b3fa4bde7f1451a8218c03ee6a8ded8
 '/Applications/Unity/Unity.app/Contents/UnityExtensions/Unity/UIAutomation/Editor/UnityEditor.UIAutomation.dll'  GUID: b8a0574e92bd43a59e19d6c3c6ae54c7
 '/Applications/Unity/Unity.app/Contents/UnityExtensions/Unity/Timeline/Editor/UnityEditor.Timeline.dll'  GUID: 7668179ede524d6396c8b7d84461ea29
Unloading 117 Unused Serialized files (Serialized files now loaded: 0)
System memory in use before: 261.7 MB.
System memory in use after: 261.8 MB.

Unloading 90 unused Assets to reduce memory usage. Loaded Objects now: 677.
Total: 1.494455 ms (FindLiveObjects: 0.558657 ms CreateObjectMapping: 0.017753 ms MarkObjects: 0.828649 ms  DeleteObjects: 0.088365 ms)

building universal os x player!
BuildPlayer: start building target 2
- Starting compile Library/ScriptAssemblies/Assembly-CSharp.dll

-----Compiler Commandline Arguments:
Filename: /Applications/Unity/Unity.app/Contents/MonoBleedingEdge/bin/mono
Arguments: '/Applications/Unity/Unity.app/Contents/MonoBleedingEdge/lib/mono/4.5/mcs.exe'  @Temp/UnityTempFile-4000b1626d1614cbca8f8b40fbef32cf
index: 81
Responsefile: Temp/UnityTempFile-4000b1626d1614cbca8f8b40fbef32cf Contents: 
-debug
-target:library
-nowarn:0169
-langversion:4
-out:'Temp/Assembly-CSharp.dll'
-unsafe
-optimize
-r:'/Applications/Unity/Unity.app/Contents/PlaybackEngines/MacStandaloneSupport/Managed/UnityEngine.dll'
-r:'/Applications/Unity/Unity.app/Contents/PlaybackEngines/MacStandaloneSupport/Managed/UnityEngine.CoreModule.dll'
-r:'/Applications/Unity/Unity.app/Contents/PlaybackEngines/MacStandaloneSupport/Managed/UnityEngine.AccessibilityModule.dll'
-r:'/Applications/Unity/Unity.app/Contents/PlaybackEngines/MacStandaloneSupport/Managed/UnityEngine.ParticleSystemModule.dll'
-r:'/Applications/Unity/Unity.app/Contents/PlaybackEngines/MacStandaloneSupport/Managed/UnityEngine.PhysicsModule.dll'
-r:'/Applications/Unity/Unity.app/Contents/PlaybackEngines/MacStandaloneSupport/Managed/UnityEngine.VehiclesModule.dll'
-r:'/Applications/Unity/Unity.app/Contents/PlaybackEngines/MacStandaloneSupport/Managed/UnityEngine.ClothModule.dll'
-r:'/Applications/Unity/Unity.app/Contents/PlaybackEngines/MacStandaloneSupport/Managed/UnityEngine.AIModule.dll'
-r:'/Applications/Unity/Unity.app/Contents/PlaybackEngines/MacStandaloneSupport/Managed/UnityEngine.AnimationModule.dll'
-r:'/Applications/Unity/Unity.app/Contents/PlaybackEngines/MacStandaloneSupport/Managed/UnityEngine.TextRenderingModule.dll'
-r:'/Applications/Unity/Unity.app/Contents/PlaybackEngines/MacStandaloneSupport/Managed/UnityEngine.UIModule.dll'
-r:'/Applications/Unity/Unity.app/Contents/PlaybackEngines/MacStandaloneSupport/Managed/UnityEngine.TerrainPhysicsModule.dll'
-r:'/Applications/Unity/Unity.app/Contents/PlaybackEngines/MacStandaloneSupport/Managed/UnityEngine.IMGUIModule.dll'
-r:'/Applications/Unity/Unity.app/Contents/PlaybackEngines/MacStandaloneSupport/Managed/UnityEngine.ClusterInputModule.dll'
-r:'/Applications/Unity/Unity.app/Contents/PlaybackEngines/MacStandaloneSupport/Managed/UnityEngine.ClusterRendererModule.dll'
-r:'/Applications/Unity/Unity.app/Contents/PlaybackEngines/MacStandaloneSupport/Managed/UnityEngine.UNETModule.dll'
-r:'/Applications/Unity/Unity.app/Contents/PlaybackEngines/MacStandaloneSupport/Managed/UnityEngine.DirectorModule.dll'
-r:'/Applications/Unity/Unity.app/Contents/PlaybackEngines/MacStandaloneSupport/Managed/UnityEngine.UnityAnalyticsModule.dll'
-r:'/Applications/Unity/Unity.app/Contents/PlaybackEngines/MacStandaloneSupport/Managed/UnityEngine.PerformanceReportingModule.dll'
-r:'/Applications/Unity/Unity.app/Contents/PlaybackEngines/MacStandaloneSupport/Managed/UnityEngine.UnityConnectModule.dll'
-r:'/Applications/Unity/Unity.app/Contents/PlaybackEngines/MacStandaloneSupport/Managed/UnityEngine.WebModule.dll'
-r:'/Applications/Unity/Unity.app/Contents/PlaybackEngines/MacStandaloneSupport/Managed/UnityEngine.ARModule.dll'
-r:'/Applications/Unity/Unity.app/Contents/PlaybackEngines/MacStandaloneSupport/Managed/UnityEngine.VRModule.dll'
-r:'/Applications/Unity/Unity.app/Contents/PlaybackEngines/MacStandaloneSupport/Managed/UnityEngine.UIElementsModule.dll'
-r:'/Applications/Unity/Unity.app/Contents/PlaybackEngines/MacStandaloneSupport/Managed/UnityEngine.StyleSheetsModule.dll'
-r:'/Applications/Unity/Unity.app/Contents/PlaybackEngines/MacStandaloneSupport/Managed/UnityEngine.AssetBundleModule.dll'
-r:'/Applications/Unity/Unity.app/Contents/PlaybackEngines/MacStandaloneSupport/Managed/UnityEngine.AudioModule.dll'
-r:'/Applications/Unity/Unity.app/Contents/PlaybackEngines/MacStandaloneSupport/Managed/UnityEngine.CrashReportingModule.dll'
-r:'/Applications/Unity/Unity.app/Contents/PlaybackEngines/MacStandaloneSupport/Managed/UnityEngine.GameCenterModule.dll'
-r:'/Applications/Unity/Unity.app/Contents/PlaybackEngines/MacStandaloneSupport/Managed/UnityEngine.GridModule.dll'
-r:'/Applications/Unity/Unity.app/Contents/PlaybackEngines/MacStandaloneSupport/Managed/UnityEngine.ImageConversionModule.dll'
-r:'/Applications/Unity/Unity.app/Contents/PlaybackEngines/MacStandaloneSupport/Managed/UnityEngine.InputModule.dll'
-r:'/Applications/Unity/Unity.app/Contents/PlaybackEngines/MacStandaloneSupport/Managed/UnityEngine.JSONSerializeModule.dll'
-r:'/Applications/Unity/Unity.app/Contents/PlaybackEngines/MacStandaloneSupport/Managed/UnityEngine.ParticlesLegacyModule.dll'
-r:'/Applications/Unity/Unity.app/Contents/PlaybackEngines/MacStandaloneSupport/Managed/UnityEngine.Physics2DModule.dll'
-r:'/Applications/Unity/Unity.app/Contents/PlaybackEngines/MacStandaloneSupport/Managed/UnityEngine.ScreenCaptureModule.dll'
-r:'/Applications/Unity/Unity.app/Contents/PlaybackEngines/MacStandaloneSupport/Managed/UnityEngine.SharedInternalsModule.dll'
-r:'/Applications/Unity/Unity.app/Contents/PlaybackEngines/MacStandaloneSupport/Managed/UnityEngine.SpriteMaskModule.dll'
-r:'/Applications/Unity/Unity.app/Contents/PlaybackEngines/MacStandaloneSupport/Managed/UnityEngine.SpriteShapeModule.dll'
-r:'/Applications/Unity/Unity.app/Contents/PlaybackEngines/MacStandaloneSupport/Managed/UnityEngine.TerrainModule.dll'
-r:'/Applications/Unity/Unity.app/Contents/PlaybackEngines/MacStandaloneSupport/Managed/UnityEngine.TilemapModule.dll'
-r:'/Applications/Unity/Unity.app/Contents/PlaybackEngines/MacStandaloneSupport/Managed/UnityEngine.UnityWebRequestModule.dll'
-r:'/Applications/Unity/Unity.app/Contents/PlaybackEngines/MacStandaloneSupport/Managed/UnityEngine.UnityWebRequestAudioModule.dll'
-r:'/Applications/Unity/Unity.app/Contents/PlaybackEngines/MacStandaloneSupport/Managed/UnityEngine.UnityWebRequestTextureModule.dll'
-r:'/Applications/Unity/Unity.app/Contents/PlaybackEngines/MacStandaloneSupport/Managed/UnityEngine.UnityWebRequestWWWModule.dll'
-r:'/Applications/Unity/Unity.app/Contents/PlaybackEngines/MacStandaloneSupport/Managed/UnityEngine.VideoModule.dll'
-r:'/Applications/Unity/Unity.app/Contents/PlaybackEngines/MacStandaloneSupport/Managed/UnityEngine.WindModule.dll'
-r:'/Applications/Unity/Unity.app/Contents/UnityExtensions/Unity/GUISystem/Standalone/UnityEngine.UI.dll'
-r:'/Applications/Unity/Unity.app/Contents/UnityExtensions/Unity/Networking/Standalone/UnityEngine.Networking.dll'
-r:'/Applications/Unity/Unity.app/Contents/UnityExtensions/Unity/Timeline/Runtime/UnityEngine.Timeline.dll'
-r:'/Applications/Unity/Unity.app/Contents/UnityExtensions/Unity/UnitySpatialTracking/Runtime/UnityEngine.SpatialTracking.dll'
-r:'/Users/jack/Library/Unity/cache/packages/packages.unity.com/com.unity.standardevents@1.0.10/UnityEngine.StandardEvents.dll'
-define:UNITY_5_3_OR_NEWER
-define:UNITY_5_4_OR_NEWER
-define:UNITY_5_5_OR_NEWER
-define:UNITY_5_6_OR_NEWER
-define:UNITY_2017_1_OR_NEWER
-define:UNITY_2017_2_OR_NEWER
-define:UNITY_2017_3_OR_NEWER
-define:UNITY_2017_3_1
-define:UNITY_2017_3
-define:UNITY_2017
-define:PLATFORM_ARCH_64
-define:UNITY_64
-define:ENABLE_AUDIO
-define:ENABLE_CACHING
-define:ENABLE_CLOTH
-define:ENABLE_DUCK_TYPING
-define:ENABLE_GENERICS
-define:ENABLE_PVR_GI
-define:ENABLE_MICROPHONE
-define:ENABLE_MULTIPLE_DISPLAYS
-define:ENABLE_PHYSICS
-define:ENABLE_SPRITERENDERER_FLIPPING
-define:ENABLE_SPRITES
-define:ENABLE_GRID
-define:ENABLE_TILEMAP
-define:ENABLE_TERRAIN
-define:ENABLE_RAKNET
-define:ENABLE_DIRECTOR
-define:ENABLE_UNET
-define:ENABLE_LZMA
-define:ENABLE_UNITYEVENTS
-define:ENABLE_WEBCAM
-define:ENABLE_WWW
-define:ENABLE_CLOUD_SERVICES_COLLAB
-define:ENABLE_CLOUD_SERVICES_COLLAB_SOFTLOCKS
-define:ENABLE_CLOUD_SERVICES_ADS
-define:ENABLE_CLOUD_HUB
-define:ENABLE_CLOUD_PROJECT_ID
-define:ENABLE_CLOUD_SERVICES_USE_WEBREQUEST
-define:ENABLE_CLOUD_SERVICES_UNET
-define:ENABLE_CLOUD_SERVICES_BUILD
-define:ENABLE_CLOUD_LICENSE
-define:ENABLE_EDITOR_HUB
-define:ENABLE_EDITOR_HUB_LICENSE
-define:ENABLE_WEBSOCKET_CLIENT
-define:ENABLE_DIRECTOR_AUDIO
-define:ENABLE_DIRECTOR_TEXTURE
-define:ENABLE_TIMELINE
-define:ENABLE_EDITOR_METRICS
-define:ENABLE_EDITOR_METRICS_CACHING
-define:ENABLE_NATIVE_ARRAY
-define:ENABLE_SPRITE_MASKING
-define:INCLUDE_DYNAMIC_GI
-define:INCLUDE_GI
-define:ENABLE_MONO_BDWGC
-define:PLATFORM_SUPPORTS_MONO
-define:RENDER_SOFTWARE_CURSOR
-define:INCLUDE_PUBNUB
-define:ENABLE_PLAYMODE_TESTS_RUNNER
-define:ENABLE_VIDEO
-define:ENABLE_RMGUI
-define:ENABLE_PACKMAN
-define:ENABLE_CUSTOM_RENDER_TEXTURE
-define:ENABLE_STYLE_SHEETS
-define:ENABLE_LOCALIZATION
-define:PLATFORM_STANDALONE_OSX
-define:PLATFORM_STANDALONE
-define:UNITY_STANDALONE_OSX
-define:UNITY_STANDALONE
-define:ENABLE_SUBSTANCE
-define:ENABLE_GAMECENTER
-define:ENABLE_RUNTIME_GI
-define:ENABLE_MOVIES
-define:ENABLE_NETWORK
-define:ENABLE_CRUNCH_TEXTURE_COMPRESSION
-define:ENABLE_UNITYWEBREQUEST
-define:ENABLE_CLOUD_SERVICES
-define:ENABLE_CLOUD_SERVICES_ANALYTICS
-define:ENABLE_CLOUD_SERVICES_PURCHASING
-define:ENABLE_CLOUD_SERVICES_CRASH_REPORTING
-define:ENABLE_CLOUD_SERVICES_NATIVE_CRASH_REPORTING
-define:ENABLE_CLUSTERINPUT
-define:ENABLE_VR
-define:ENABLE_AR
-define:ENABLE_SPATIALTRACKING
-define:ENABLE_WEBSOCKET_HOST
-define:ENABLE_MONO
-define:NET_2_0_SUBSET
-define:ButtonDisconnect
'Assets/Scripts/AIController.cs'
'Assets/Scripts/BoosterPart.cs'
'Assets/Scripts/CameraController.cs'
'Assets/Scripts/CollectZoneController.cs'
'Assets/Scripts/Damaging.cs'
'Assets/Scripts/Explosion.cs'
'Assets/Scripts/MapManager.cs'
'Assets/Scripts/NetworkManagerScript.cs'
'Assets/Scripts/Part.cs'
'Assets/Scripts/PartController.cs'
'Assets/Scripts/PartsManager.cs'
'Assets/Scripts/PlayerController.cs'
'Assets/Scripts/PolyController.cs'
'Assets/Scripts/Projectile.cs'
'Assets/Scripts/ProjectilePart.cs'
'Assets/Scripts/Pulsate.cs'
'Assets/Scripts/SegmentController.cs'
'Assets/Scripts/SegmentsManager.cs'
'Assets/Scripts/SideController.cs'
'Assets/Scripts/TouchAreaController.cs'
'Assets/Scripts/WeakSpot.cs'
-r:'/Applications/Unity/Unity.app/Contents/Mono/lib/mono/unity/System.Runtime.Serialization.dll'
-r:'/Applications/Unity/Unity.app/Contents/Mono/lib/mono/unity/System.Xml.Linq.dll'
-r:'/Applications/Unity/Unity.app/Contents/Mono/lib/mono/unity/UnityScript.dll'
-r:'/Applications/Unity/Unity.app/Contents/Mono/lib/mono/unity/UnityScript.Lang.dll'
-r:'/Applications/Unity/Unity.app/Contents/Mono/lib/mono/unity/Boo.Lang.dll'
-sdk:unity

-----CompilerOutput:-stdout--exitcode: 0--compilationhadfailure: False--outfile: Temp/Assembly-CSharp.dll
Compilation succeeded - 4 warning(s)
-----CompilerOutput:-stderr----------
Assets/Scripts/PlayerController.cs(8,13): warning CS0414: The private field `PlayerController.leftTouchArea' is assigned but its value is never used
Assets/Scripts/PlayerController.cs(9,13): warning CS0414: The private field `PlayerController.rightTouchArea' is assigned but its value is never used
Assets/Scripts/PlayerController.cs(10,7): warning CS0414: The private field `PlayerController.useTouch' is assigned but its value is never used
Assets/Scripts/PlayerController.cs(11,7): warning CS0414: The private field `PlayerController.useKeyboard' is assigned but its value is never used
-----EndCompilerOutput---------------
- Finished compile Library/ScriptAssemblies/Assembly-CSharp.dll
Symbols will be read from Temp/Assembly-CSharp.dll.mdb
Script Module: Assembly-CSharp.dll
Pass: 0 took 9 milliseconds
[AIController] Found NetworkBehaviour AIController
[AIController] NetworkBehaviourProcessor
[AIController] Process Start
[AIController]   GenerateSerialization
[AIController]   GenerateDeSerialization
[AIController] Process Done
[MapManager] Found NetworkBehaviour MapManager
[MapManager] NetworkBehaviourProcessor
[MapManager] Process Start
[MapManager]   GenerateSerialization
[MapManager]   GenerateDeSerialization
[MapManager] Process Done
[PartController] Found NetworkBehaviour PartController
[PartController] NetworkBehaviourProcessor
[PartController] Process Start
[PartController] Sync Var id System.Int32 UnityEngine.GameObject
[PartController]   GenerateSerialization
[PartController]   GenerateDeSerialization
[PartController] Process Done
[PartsManager] Found NetworkBehaviour PartsManager
[PartsManager] NetworkBehaviourProcessor
[PartsManager] Process Start
[PartsManager]   GenerateSerialization
[PartsManager]   GenerateDeSerialization
[PartsManager] Process Done
[PlayerController] Found NetworkBehaviour PlayerController
[PlayerController] NetworkBehaviourProcessor
[PlayerController] Process Start
[PlayerController]   GenerateSerialization
[PlayerController]   GenerateDeSerialization
[PlayerController] Process Done
[PolyController] Found NetworkBehaviour PolyController
[PolyController] NetworkBehaviourProcessor
[PolyController] Process Start
[PolyController] Sync Var attackPartsScore System.Int32 UnityEngine.GameObject
[PolyController] Sync Var sidesCount System.Single UnityEngine.GameObject
[PolyController] Sync Var playerNumber System.Int32 UnityEngine.GameObject
[PolyController] Sync Var partData System.String UnityEngine.GameObject
[PolyController]   GenerateConstants 
[PolyController]   GenerateSerialization
[PolyController]   GenerateDeSerialization
[PolyController] Process Done
[Projectile] Found NetworkBehaviour Projectile
[Projectile] NetworkBehaviourProcessor
[Projectile] Process Start
[Projectile]   GenerateConstants 
[Projectile]   GenerateSerialization
[Projectile]   GenerateDeSerialization
[Projectile] Process Done
[SegmentsManager] Found NetworkBehaviour SegmentsManager
[SegmentsManager] NetworkBehaviourProcessor
[SegmentsManager] Process Start
[SegmentsManager]   GenerateSerialization
[SegmentsManager]   GenerateDeSerialization
[SegmentsManager] Process Done
Pass: 1 took 61 milliseconds
  ProcessSitesModule Assembly-CSharp.dll elapsed time:00:00:00.0316910
Assets/Scripts/PlayerController.cs(8,13): warning CS0414: The private field `PlayerController.leftTouchArea' is assigned but its value is never used
 
(Filename: Assets/Scripts/PlayerController.cs Line: 8)

Assets/Scripts/PlayerController.cs(9,13): warning CS0414: The private field `PlayerController.rightTouchArea' is assigned but its value is never used
 
(Filename: Assets/Scripts/PlayerController.cs Line: 9)

Assets/Scripts/PlayerController.cs(10,7): warning CS0414: The private field `PlayerController.useTouch' is assigned but its value is never used
 
(Filename: Assets/Scripts/PlayerController.cs Line: 10)

Assets/Scripts/PlayerController.cs(11,7): warning CS0414: The private field `PlayerController.useKeyboard' is assigned but its value is never used
 
(Filename: Assets/Scripts/PlayerController.cs Line: 11)

Refreshing native plugins compatible for Editor in 0.35 ms, found 3 plugins.
DisplayProgressbar: Building Player

Packing sprites:
[     36 MB ]- Collect Sprites to Pack : (SequentialAtlasing : 0) 
[     36 MB ]- Grouping sprites using the selected SpritePackerPolicy.
[     37 MB ][     37 MB ]- Completed grouping sprites to Atlas.
[     37 MB ]- Build Sprite Atlas. 
[     37 MB ]- Packing 0 atlases.
[     37 MB ]- Packing completed.
[     37 MB ]- Update Sprites and Cleanup. 
[     37 MB ]WARNING: Shader Unsupported: 'Hidden/BlitToDepth' - Pass '' has no vertex shader
WARNING: Shader Unsupported: 'Hidden/BlitToDepth' - Setting to default shader.
WARNING: Shader Unsupported: 'Hidden/BlitToDepth_MSAA' - Pass '' has no vertex shader
WARNING: Shader Unsupported: 'Hidden/BlitToDepth_MSAA' - Setting to default shader.
Opening scene 'Assets/Scenes/Main.unity'
Load scene 'Assets/Scenes/Main.unity' time: 0.038402 ms 
Setting up 4 worker threads for Enlighten.
  Thread -> id: 70000cbf3000 -> priority: 1 
  Thread -> id: 70000e172000 -> priority: 1 
  Thread -> id: 70000e1f5000 -> priority: 1 
  Thread -> id: 70000e278000 -> priority: 1 
Unloading 40 Unused Serialized files (Serialized files now loaded: 0)
System memory in use before: 301.5 MB.
System memory in use after: 301.6 MB.

Unloading 22 unused Assets to reduce memory usage. Loaded Objects now: 2827.
Total: 17.893784 ms (FindLiveObjects: 0.698980 ms CreateObjectMapping: 0.076903 ms MarkObjects: 11.462493 ms  DeleteObjects: 5.654268 ms)

WARNING: Shader Unsupported: 'Hidden/BlitToDepth' - Pass '' has no vertex shader
WARNING: Shader Unsupported: 'Hidden/BlitToDepth' - Setting to default shader.
WARNING: Shader Unsupported: 'Hidden/BlitToDepth_MSAA' - Pass '' has no vertex shader
WARNING: Shader Unsupported: 'Hidden/BlitToDepth_MSAA' - Setting to default shader.
Opening scene 'Assets/Scenes/Game.unity'
Load scene 'Assets/Scenes/Game.unity' time: 0.028229 ms 
Unloading 20 Unused Serialized files (Serialized files now loaded: 0)
System memory in use before: 303.1 MB.
System memory in use after: 303.1 MB.

Unloading 34 unused Assets to reduce memory usage. Loaded Objects now: 2981.
Total: 20.552426 ms (FindLiveObjects: 0.941687 ms CreateObjectMapping: 0.052066 ms MarkObjects: 14.092572 ms  DeleteObjects: 5.464989 ms)



Mono dependencies included in the build
Dependency assembly - Mono.Security.dll
Dependency assembly - System.Core.dll
Dependency assembly - System.dll
Dependency assembly - mscorlib.dll
Dependency assembly - UnityEngine.UI.dll
Dependency assembly - UnityEngine.Networking.dll
Dependency assembly - UnityEngine.Timeline.dll
Dependency assembly - UnityEngine.SpatialTracking.dll
Dependency assembly - Assembly-CSharp.dll
Dependency assembly - UnityEngine.StandardEvents.dll

Unloading 31 Unused Serialized files (Serialized files now loaded: 0)
System memory in use before: 305.6 MB.
System memory in use after: 305.8 MB.

Unloading 141 unused Assets to reduce memory usage. Loaded Objects now: 2791.
Total: 19.568782 ms (FindLiveObjects: 0.899310 ms CreateObjectMapping: 0.049484 ms MarkObjects: 14.208409 ms  DeleteObjects: 4.410064 ms)

Unloading 0 Unused Serialized files (Serialized files now loaded: 0)
System memory in use before: 303.7 MB.
System memory in use after: 303.9 MB.

Unloading 0 unused Assets to reduce memory usage. Loaded Objects now: 2800.
Total: 13.678058 ms (FindLiveObjects: 0.848799 ms CreateObjectMapping: 0.045857 ms MarkObjects: 12.774311 ms  DeleteObjects: 0.008156 ms)

WARNING: Shader Unsupported: 'Hidden/BlitToDepth' - Pass '' has no vertex shader
WARNING: Shader Unsupported: 'Hidden/BlitToDepth' - Setting to default shader.
WARNING: Shader Unsupported: 'Hidden/BlitToDepth_MSAA' - Pass '' has no vertex shader
WARNING: Shader Unsupported: 'Hidden/BlitToDepth_MSAA' - Setting to default shader.
WARNING: Shader Unsupported: 'Hidden/VR/BlitTexArraySliceToDepth_MSAA' - Pass '' has no vertex shader
WARNING: Shader Unsupported: 'Hidden/VR/BlitTexArraySliceToDepth_MSAA' - Setting to default shader.
WARNING: Shader Unsupported: 'AR/TangoARRender' - Pass '' has no vertex shader
WARNING: Shader Unsupported: 'AR/TangoARRender' - Setting to default shader.
Unloading 2 Unused Serialized files (Serialized files now loaded: 0)
System memory in use before: 348.9 MB.
System memory in use after: 304.2 MB.

Unloading 143 unused Assets to reduce memory usage. Loaded Objects now: 2791.
Total: 89.544856 ms (FindLiveObjects: 0.745894 ms CreateObjectMapping: 0.050497 ms MarkObjects: 13.157137 ms  DeleteObjects: 75.590327 ms)

WARNING: Shader Unsupported: 'Hidden/BlitToDepth' - Pass '' has no vertex shader
WARNING: Shader Unsupported: 'Hidden/BlitToDepth' - Setting to default shader.
WARNING: Shader Unsupported: 'Hidden/BlitToDepth_MSAA' - Pass '' has no vertex shader
WARNING: Shader Unsupported: 'Hidden/BlitToDepth_MSAA' - Setting to default shader.
Launched and connected shader compiler UnityShaderCompiler after 0.03 seconds
Launched and connected shader compiler UnityShaderCompiler after 0.03 seconds
Launched and connected shader compiler UnityShaderCompiler after 0.03 seconds
Launched and connected shader compiler UnityShaderCompiler after 0.03 seconds
Launched and connected shader compiler UnityShaderCompiler after 0.03 seconds
Launched and connected shader compiler UnityShaderCompiler after 0.03 seconds
Launched and connected shader compiler UnityShaderCompiler after 0.03 seconds
Launched and connected shader compiler UnityShaderCompiler after 0.03 seconds

-------------------------------------------------------------------------------
Build Report
Uncompressed usage by category:
Textures      373.3 kb	 0.7% 
Meshes        0.0 kb	 0.0% 
Animations    7.2 kb	 0.0% 
Sounds        0.0 kb	 0.0% 
Shaders       11.1 kb	 0.0% 
Other Assets  175.6 kb	 0.3% 
Levels        17.6 kb	 0.0% 
Scripts       685.9 kb	 1.4% 
Included DLLs 3.9 mb	 8.0% 
File headers  17.7 kb	 0.0% 
Complete size 49.3 mb	 100.0% 

Used Assets and files from the Resources folder, sorted by uncompressed size:
 132.3 kb	 0.3% Assets/Fonts/VarelaRound-Regular.ttf
 57.9 kb	 0.1% Assets/Sprites/line_spike.png
 57.8 kb	 0.1% Assets/Sprites/line_cannon.png
 57.8 kb	 0.1% Assets/Sprites/line_engine.png
 57.8 kb	 0.1% Assets/Sprites/line_100.png
 43.7 kb	 0.1% Assets/Sprites/line_shotgun.png
 43.6 kb	 0.1% Assets/Sprites/line_sniper.png
 43.6 kb	 0.1% Assets/Sprites/line_blaster.png
 17.4 kb	 0.0% Resources/unity_builtin_extra
 7.3 kb	 0.0% Assets/Prefabs/PartBooster.prefab
 6.9 kb	 0.0% Assets/Resources/Explosion.prefab
 4.8 kb	 0.0% Assets/Sprites/RoundedBox.png
 4.1 kb	 0.0% /Applications/Unity/Unity.app/Contents/UnityExtensions/Unity/GUISystem/UnityEngine.UI.dll
 4.1 kb	 0.0% /Applications/Unity/Unity.app/Contents/UnityExtensions/Unity/GUISystem/Standalone/UnityEngine.UI.dll
 3.0 kb	 0.0% Assets/Animations/GameOver.controller
 2.6 kb	 0.0% Assets/Animations/BasicProjectilePart.controller
 2.6 kb	 0.0% Assets/Sprites/line_40.png
 2.5 kb	 0.0% Assets/Animations/BasicRecoil.anim
 2.4 kb	 0.0% Assets/Animations/GameOverEnter.anim
 2.4 kb	 0.0% Assets/Animations/GameOverExit.anim
 1.8 kb	 0.0% /Applications/Unity/Unity.app/Contents/UnityExtensions/Unity/Networking/UnityEngine.Networking.dll
 1.8 kb	 0.0% /Applications/Unity/Unity.app/Contents/UnityExtensions/Unity/Networking/Standalone/UnityEngine.Networking.dll
 1.7 kb	 0.0% Assets/Sprites/line_30.png
 1.6 kb	 0.0% Assets/Sprites/line_20.png
 1.5 kb	 0.0% Assets/Prefabs/Shell.prefab
 1.5 kb	 0.0% /Applications/Unity/Unity.app/Contents/UnityExtensions/Unity/Timeline/RuntimeEditor/UnityEngine.Timeline.dll
 1.5 kb	 0.0% /Applications/Unity/Unity.app/Contents/UnityExtensions/Unity/Timeline/Runtime/UnityEngine.Timeline.dll
 1.2 kb	 0.0% Assets/Prefabs/PartShotgun.prefab
 1.0 kb	 0.0% Assets/Prefabs/AIPoly.prefab
 1.0 kb	 0.0% Assets/Prefabs/Poly.prefab
 1.0 kb	 0.0% Assets/Prefabs/PartBlaster.prefab
 1.0 kb	 0.0% Assets/Resources/PlayerCamera.prefab
 0.9 kb	 0.0% Assets/Prefabs/PartSniper.prefab
 0.9 kb	 0.0% Assets/Prefabs/PartCannon.prefab
 0.9 kb	 0.0% Assets/Prefabs/LightBlast.prefab
 0.9 kb	 0.0% Assets/Prefabs/HeavyBlast.prefab
 0.7 kb	 0.0% /Applications/Unity/Unity.app/Contents/UnityExtensions/Unity/UnityHoloLens/RuntimeEditor/UnityEngine.HoloLens.dll
 0.7 kb	 0.0% /Applications/Unity/Unity.app/Contents/UnityExtensions/Unity/UnityHoloLens/Runtime/UnityEngine.HoloLens.dll
 0.7 kb	 0.0% Assets/Prefabs/Segment.prefab
 0.7 kb	 0.0% Assets/Prefabs/Part.prefab
 0.7 kb	 0.0% Assets/Prefabs/PartSpike.prefab
 0.7 kb	 0.0% Assets/Materials/Boost.mat
 0.5 kb	 0.0% Assets/Sprites/pixel.png
 0.5 kb	 0.0% Assets/Sprites/square_20.png
 0.5 kb	 0.0% Assets/Materials/PolyFill.mat
 0.4 kb	 0.0% Assets/Prefabs/Side.prefab
 0.4 kb	 0.0% /Applications/Unity/Unity.app/Contents/UnityExtensions/Unity/TestRunner/UnityEngine.TestRunner.dll
 0.3 kb	 0.0% Packages/com.unity.analytics/UnityEngine.Analytics.dll
 0.3 kb	 0.0% Packages/com.unity.ads/UnityEngine.Advertisements.dll
 0.1 kb	 0.0% /Applications/Unity/Unity.app/Contents/UnityExtensions/Unity/UnityGoogleAudioSpatializer/RuntimeEditor/UnityEngine.GoogleAudioSpatializer.dll
 0.1 kb	 0.0% /Applications/Unity/Unity.app/Contents/UnityExtensions/Unity/UnityGoogleAudioSpatializer/Runtime/UnityEngine.GoogleAudioSpatializer.dll
 0.1 kb	 0.0% /Applications/Unity/Unity.app/Contents/UnityExtensions/Unity/UnitySpatialTracking/RuntimeEditor/UnityEngine.SpatialTracking.dll
 0.1 kb	 0.0% /Applications/Unity/Unity.app/Contents/UnityExtensions/Unity/UnitySpatialTracking/Runtime/UnityEngine.SpatialTracking.dll
 0.1 kb	 0.0% Assets/Scripts/CollectZoneController.cs
 0.1 kb	 0.0% Assets/Scripts/TouchAreaController.cs
 0.1 kb	 0.0% Assets/Scripts/SegmentController.cs
 0.1 kb	 0.0% Assets/Scripts/NetworkManagerScript.cs
 0.1 kb	 0.0% Assets/Scripts/SideController.cs
 0.1 kb	 0.0% Assets/Scripts/SegmentsManager.cs
 0.1 kb	 0.0% Assets/Scripts/ProjectilePart.cs
 0.1 kb	 0.0% Assets/Scripts/PolyController.cs
 0.1 kb	 0.0% Assets/Scripts/PlayerController.cs
 0.1 kb	 0.0% Assets/Scripts/PartController.cs
 0.1 kb	 0.0% Assets/Scripts/CameraController.cs
 0.1 kb	 0.0% Assets/Scripts/Projectile.cs
 0.1 kb	 0.0% Assets/Scripts/PartsManager.cs
 0.1 kb	 0.0% Assets/Scripts/MapManager.cs
 0.1 kb	 0.0% Assets/Scripts/Explosion.cs
 0.1 kb	 0.0% Assets/Scripts/BoosterPart.cs
 0.1 kb	 0.0% Assets/Scripts/AIController.cs
 0.1 kb	 0.0% Assets/Scripts/WeakSpot.cs
 0.1 kb	 0.0% Assets/Scripts/Pulsate.cs
 0.1 kb	 0.0% Assets/Scripts/Damaging.cs
 0.1 kb	 0.0% Assets/Scripts/Part.cs
-------------------------------------------------------------------------------
Unloading 34 Unused Serialized files (Serialized files now loaded: 0)
System memory in use before: 306.5 MB.
System memory in use after: 306.4 MB.

Unloading 140 unused Assets to reduce memory usage. Loaded Objects now: 2804.
Total: 19.513087 ms (FindLiveObjects: 0.716402 ms CreateObjectMapping: 0.040064 ms MarkObjects: 12.243985 ms  DeleteObjects: 6.511272 ms)

Load scene 'Temp/__Backupscenes/0.backup' time: 0.063321 ms 
Unloading 0 Unused Serialized files (Serialized files now loaded: 0)
System memory in use before: 304.7 MB.
System memory in use after: 304.9 MB.

Unloading 0 unused Assets to reduce memory usage. Loaded Objects now: 2799.
Total: 14.814058 ms (FindLiveObjects: 0.984201 ms CreateObjectMapping: 0.056774 ms MarkObjects: 13.761755 ms  DeleteObjects: 0.009540 ms)


*** Completed 'Build.Player.MacStandaloneSupport' in 5 seconds (4536 ms)

Batchmode quit successfully invoked - shutting down!
Refresh: detecting if any assets need to be imported or removed ... Refresh: elapses 0.005542 seconds (Nothing changed)
Updating ProjectSettings/ProjectSettings.asset - GUID: 00000000000000004000000000000000...
 done. [Time: 42.439079 ms] 
Refreshing native plugins compatible for Editor in 0.83 ms, found 3 plugins.
Preloading 1 native plugins for Editor in 0.48 ms.

----- Total AssetImport time: 0.139351s, AssetImport time: 0.072851s, Asset hashing: 0.000000s [0 B, 0.000000 mb/s]

Refresh: detecting if any assets need to be imported or removed ... Refresh: elapses 0.004557 seconds (Nothing changed)
[Package Manager] Server::Kill -- Server was shutdown
Cleanup mono
Exiting batchmode successfully now!
